This is pdfTeX, Version 3.14159265-2.6-1.40.16 (MiKTeX 2.9) (preloaded format=pdflatex 2015.10.12)  12 OCT 2015 21:50
entering extended mode
**bibrystab.tex
(bibrystab.tex
LaTeX2e <2015/01/01> patch level 2
Babel <3.9m> and hyphenation patterns for 69 languages loaded.

! LaTeX Error: Environment thebibliography undefined.

See the LaTeX manual or LaTeX Companion for explanation.
Type  H <return>  for immediate help.
 ...                                              
                                                  
l.17 \begin {thebibliography}
                             {11}
Your command was ignored.
Type  I <command> <return>  to replace it with another command,
or  <return>  to continue without it.


! LaTeX Error: Missing \begin{document}.

See the LaTeX manual or LaTeX Companion for explanation.
Type  H <return>  for immediate help.
 ...                                              
                                                  
l.17 \begin {thebibliography}{1
                               1}
You're in trouble here.  Try typing  <return>  to proceed.
If that doesn't work, type  X <return>  to quit.

Missing character: There is no 1 in font nullfont!
Missing character: There is no 1 in font nullfont!

Overfull \hbox (20.0pt too wide) in paragraph at lines 17--18
[] 
 []


! LaTeX Error: Lonely \item--perhaps a missing list environment.

See the LaTeX manual or LaTeX Companion for explanation.
Type  H <return>  for immediate help.
 ...                                              
                                                  
l.18 \bibitem{Balcerzak2005}
                             Balcerzak J., Pansiuk J.: \emph{Wprowadzenie do...

Try typing  <return>  to proceed.
If that doesn't work, type  X <return>  to quit.

! Undefined control sequence.
<argument> \@listctr 
                     
l.18 \bibitem{Balcerzak2005}
                             Balcerzak J., Pansiuk J.: \emph{Wprowadzenie do...
The control sequence at the end of the top line
of your error message was never \def'ed. If you have
misspelled it (e.g., `\hobx'), type `I' and the correct
spelling (e.g., `I\hbox'). Otherwise just continue,
and I'll forget about whatever was undefined.

! You can't use `\relax' after \the.
<recently read> \c@ 
                    
l.18 \bibitem{Balcerzak2005}
                             Balcerzak J., Pansiuk J.: \emph{Wprowadzenie do...
I'm forgetting what you said and using zero instead.

\bibcite{Balcerzak2005}{0}
Missing character: There is no B in font nullfont!
Missing character: There is no a in font nullfont!
Missing character: There is no l in font nullfont!
Missing character: There is no c in font nullfont!
Missing character: There is no e in font nullfont!
Missing character: There is no r in font nullfont!
Missing character: There is no z in font nullfont!
Missing character: There is no a in font nullfont!
Missing character: There is no k in font nullfont!
Missing character: There is no J in font nullfont!
Missing character: There is no . in font nullfont!
Missing character: There is no , in font nullfont!
Missing character: There is no P in font nullfont!
Missing character: There is no a in font nullfont!
Missing character: There is no n in font nullfont!
Missing character: There is no s in font nullfont!
Missing character: There is no i in font nullfont!
Missing character: There is no u in font nullfont!
Missing character: There is no k in font nullfont!
Missing character: There is no J in font nullfont!
Missing character: There is no . in font nullfont!
Missing character: There is no : in font nullfont!
Missing character: There is no , in font nullfont!
Missing character: There is no W in font nullfont!
Missing character: There is no a in font nullfont!
Missing character: There is no r in font nullfont!
Missing character: There is no s in font nullfont!
Missing character: There is no z in font nullfont!
Missing character: There is no a in font nullfont!
Missing character: There is no w in font nullfont!
Missing character: There is no a in font nullfont!
Missing character: There is no , in font nullfont!
Missing character: There is no O in font nullfont!
Missing character: There is no W in font nullfont!
Missing character: There is no P in font nullfont!
Missing character: There is no W in font nullfont!
Missing character: There is no 2 in font nullfont!
Missing character: There is no 0 in font nullfont!
Missing character: There is no 0 in font nullfont!
Missing character: There is no 5 in font nullfont!
Missing character: There is no . in font nullfont!

Overfull \hbox (53.04965pt too wide) in paragraph at lines 18--19
\OT1/cmr/m/it/10 Wprowadze-
 []


Overfull \hbox (13.2888pt too wide) in paragraph at lines 18--19
\OT1/cmr/m/it/10 nie
 []


Overfull \hbox (10.22217pt too wide) in paragraph at lines 18--19
\OT1/cmr/m/it/10 do
 []


Overfull \hbox (17.50542pt too wide) in paragraph at lines 18--19
\OT1/cmr/m/it/10 kar-
 []


Overfull \hbox (30.02754pt too wide) in paragraph at lines 18--19
\OT1/cmr/m/it/10 tografii
 []


Overfull \hbox (32.96645pt too wide) in paragraph at lines 18--19
\OT1/cmr/m/it/10 matem-
 []


Overfull \hbox (16.86653pt too wide) in paragraph at lines 18--19
\OT1/cmr/m/it/10 aty-
 []


Overfull \hbox (21.97763pt too wide) in paragraph at lines 18--19
\OT1/cmr/m/it/10 cznej
 []


! LaTeX Error: Lonely \item--perhaps a missing list environment.

See the LaTeX manual or LaTeX Companion for explanation.
Type  H <return>  for immediate help.
 ...                                              
                                                  
l.19 \bibitem{Barrett}
                       Barrett R. i inni: \emph{Templates for the Solution o...

Try typing  <return>  to proceed.
If that doesn't work, type  X <return>  to quit.

! Undefined control sequence.
<argument> \@listctr 
                     
l.19 \bibitem{Barrett}
                       Barrett R. i inni: \emph{Templates for the Solution o...
The control sequence at the end of the top line
of your error message was never \def'ed. If you have
misspelled it (e.g., `\hobx'), type `I' and the correct
spelling (e.g., `I\hbox'). Otherwise just continue,
and I'll forget about whatever was undefined.

! You can't use `\relax' after \the.
<recently read> \c@ 
                    
l.19 \bibitem{Barrett}
                       Barrett R. i inni: \emph{Templates for the Solution o...
I'm forgetting what you said and using zero instead.

\bibcite{Barrett}{0}
Missing character: There is no B in font nullfont!
Missing character: There is no a in font nullfont!
Missing character: There is no r in font nullfont!
Missing character: There is no r in font nullfont!
Missing character: There is no e in font nullfont!
Missing character: There is no t in font nullfont!
Missing character: There is no t in font nullfont!
Missing character: There is no R in font nullfont!
Missing character: There is no . in font nullfont!
Missing character: There is no i in font nullfont!
Missing character: There is no i in font nullfont!
Missing character: There is no n in font nullfont!
Missing character: There is no n in font nullfont!
Missing character: There is no i in font nullfont!
Missing character: There is no : in font nullfont!
Missing character: There is no , in font nullfont!
Missing character: There is no w in font nullfont!
Missing character: There is no e in font nullfont!
Missing character: There is no r in font nullfont!
Missing character: There is no s in font nullfont!
Missing character: There is no j in font nullfont!
Missing character: There is no a in font nullfont!
Missing character: There is no e in font nullfont!
Missing character: There is no l in font nullfont!
Missing character: There is no e in font nullfont!
Missing character: There is no k in font nullfont!
Missing character: There is no t in font nullfont!
Missing character: There is no o in font nullfont!
Missing character: There is no r in font nullfont!
Missing character: There is no n in font nullfont!
Missing character: There is no i in font nullfont!
Missing character: There is no c in font nullfont!
Missing character: There is no z in font nullfont!
Missing character: There is no n in font nullfont!
Missing character: There is no a in font nullfont!
Missing character: There is no M in font nullfont!
Missing character: There is no a in font nullfont!
Missing character: There is no t in font nullfont!
Missing character: There is no h in font nullfont!
Missing character: There is no e in font nullfont!
Missing character: There is no m in font nullfont!
Missing character: There is no a in font nullfont!
Missing character: There is no t in font nullfont!
Missing character: There is no i in font nullfont!
Missing character: There is no c in font nullfont!
Missing character: There is no s in font nullfont!
Missing character: There is no h in font nullfont!
Missing character: There is no t in font nullfont!
Missing character: There is no t in font nullfont!
Missing character: There is no p in font nullfont!
Missing character: There is no : in font nullfont!
Missing character: There is no / in font nullfont!
Missing character: There is no / in font nullfont!
Missing character: There is no w in font nullfont!
Missing character: There is no w in font nullfont!
Missing character: There is no w in font nullfont!
Missing character: There is no . in font nullfont!
Missing character: There is no s in font nullfont!
Missing character: There is no i in font nullfont!
Missing character: There is no a in font nullfont!
Missing character: There is no m in font nullfont!
Missing character: There is no . in font nullfont!
Missing character: There is no o in font nullfont!
Missing character: There is no r in font nullfont!
Missing character: There is no g in font nullfont!
Missing character: There is no / in font nullfont!
Missing character: There is no b in font nullfont!
Missing character: There is no o in font nullfont!
Missing character: There is no o in font nullfont!
Missing character: There is no k in font nullfont!
Missing character: There is no s in font nullfont!
Missing character: There is no . in font nullfont!

Overfull \hbox (22.74428pt too wide) in paragraph at lines 19--20
\OT1/cmr/m/it/10 Tem-
 []


Overfull \hbox (24.78873pt too wide) in paragraph at lines 19--20
\OT1/cmr/m/it/10 plates
 []


Overfull \hbox (12.39436pt too wide) in paragraph at lines 19--20
\OT1/cmr/m/it/10 for
 []


Overfull \hbox (13.03323pt too wide) in paragraph at lines 19--20
\OT1/cmr/m/it/10 the
 []


Overfull \hbox (14.31102pt too wide) in paragraph at lines 19--20
\OT1/cmr/m/it/10 So-
 []


Overfull \hbox (11.49992pt too wide) in paragraph at lines 19--20
\OT1/cmr/m/it/10 lu-
 []


Overfull \hbox (17.12212pt too wide) in paragraph at lines 19--20
\OT1/cmr/m/it/10 tion
 []


Overfull \hbox (8.17773pt too wide) in paragraph at lines 19--20
\OT1/cmr/m/it/10 of
 []


Overfull \hbox (18.53876pt too wide) in paragraph at lines 19--20
\OT1/cmr/m/it/10 Lin-
 []


Overfull \hbox (13.41655pt too wide) in paragraph at lines 19--20
\OT1/cmr/m/it/10 ear
 []


Overfull \hbox (18.14432pt too wide) in paragraph at lines 19--20
\OT1/cmr/m/it/10 Sys-
 []


Overfull \hbox (23.2554pt too wide) in paragraph at lines 19--20
\OT1/cmr/m/it/10 tems:
 []


Overfull \hbox (26.7165pt too wide) in paragraph at lines 19--20
\OT1/cmr/m/it/10 Build-
 []


Overfull \hbox (13.2888pt too wide) in paragraph at lines 19--20
\OT1/cmr/m/it/10 ing
 []


Overfull \hbox (27.48314pt too wide) in paragraph at lines 19--20
\OT1/cmr/m/it/10 Blocks
 []


Overfull \hbox (12.39436pt too wide) in paragraph at lines 19--20
\OT1/cmr/m/it/10 for
 []


Overfull \hbox (10.75546pt too wide) in paragraph at lines 19--20
\OT1/cmr/m/it/10 It-
 []


Overfull \hbox (12.39433pt too wide) in paragraph at lines 19--20
\OT1/cmr/m/it/10 er-
 []


Overfull \hbox (8.68883pt too wide) in paragraph at lines 19--20
\OT1/cmr/m/it/10 a-
 []


Overfull \hbox (15.58876pt too wide) in paragraph at lines 19--20
\OT1/cmr/m/it/10 tive
 []


Overfull \hbox (25.57759pt too wide) in paragraph at lines 19--20
\OT1/cmr/m/it/10 Meth-
 []


Overfull \hbox (18.911pt too wide) in paragraph at lines 19--20
\OT1/cmr/m/it/10 ods1
 []


! LaTeX Error: Lonely \item--perhaps a missing list environment.

See the LaTeX manual or LaTeX Companion for explanation.
Type  H <return>  for immediate help.
 ...                                              
                                                  
l.20 \bibitem{bjork}
                     Bjork A., Dahlquist G.: \emph{Numerical Methods in Scie...

Try typing  <return>  to proceed.
If that doesn't work, type  X <return>  to quit.

! Undefined control sequence.
<argument> \@listctr 
                     
l.20 \bibitem{bjork}
                     Bjork A., Dahlquist G.: \emph{Numerical Methods in Scie...
The control sequence at the end of the top line
of your error message was never \def'ed. If you have
misspelled it (e.g., `\hobx'), type `I' and the correct
spelling (e.g., `I\hbox'). Otherwise just continue,
and I'll forget about whatever was undefined.

! You can't use `\relax' after \the.
<recently read> \c@ 
                    
l.20 \bibitem{bjork}
                     Bjork A., Dahlquist G.: \emph{Numerical Methods in Scie...
I'm forgetting what you said and using zero instead.

\bibcite{bjork}{0}
Missing character: There is no B in font nullfont!
Missing character: There is no j in font nullfont!
Missing character: There is no o in font nullfont!
Missing character: There is no r in font nullfont!
Missing character: There is no k in font nullfont!
Missing character: There is no A in font nullfont!
Missing character: There is no . in font nullfont!
Missing character: There is no , in font nullfont!
Missing character: There is no D in font nullfont!
Missing character: There is no a in font nullfont!
Missing character: There is no h in font nullfont!
Missing character: There is no l in font nullfont!
Missing character: There is no q in font nullfont!
Missing character: There is no u in font nullfont!
Missing character: There is no i in font nullfont!
Missing character: There is no s in font nullfont!
Missing character: There is no t in font nullfont!
Missing character: There is no G in font nullfont!
Missing character: There is no . in font nullfont!
Missing character: There is no : in font nullfont!
Missing character: There is no , in font nullfont!
Missing character: There is no P in font nullfont!
Missing character: There is no h in font nullfont!
Missing character: There is no i in font nullfont!
Missing character: There is no l in font nullfont!
Missing character: There is no a in font nullfont!
Missing character: There is no d in font nullfont!
Missing character: There is no e in font nullfont!
Missing character: There is no l in font nullfont!
Missing character: There is no p in font nullfont!
Missing character: There is no h in font nullfont!
Missing character: There is no i in font nullfont!
Missing character: There is no a in font nullfont!
Missing character: There is no , in font nullfont!
Missing character: There is no S in font nullfont!
Missing character: There is no I in font nullfont!
Missing character: There is no A in font nullfont!
Missing character: There is no M in font nullfont!
Missing character: There is no 2 in font nullfont!
Missing character: There is no 0 in font nullfont!
Missing character: There is no 0 in font nullfont!
Missing character: There is no 2 in font nullfont!
Missing character: There is no . in font nullfont!

Overfull \hbox (16.37767pt too wide) in paragraph at lines 20--21
\OT1/cmr/m/it/10 Nu-
 []


Overfull \hbox (20.57207pt too wide) in paragraph at lines 20--21
\OT1/cmr/m/it/10 mer-
 []


Overfull \hbox (6.6444pt too wide) in paragraph at lines 20--21
\OT1/cmr/m/it/10 i-
 []


Overfull \hbox (11.75546pt too wide) in paragraph at lines 20--21
\OT1/cmr/m/it/10 cal
 []


Overfull \hbox (25.57759pt too wide) in paragraph at lines 20--21
\OT1/cmr/m/it/10 Meth-
 []


Overfull \hbox (13.79991pt too wide) in paragraph at lines 20--21
\OT1/cmr/m/it/10 ods
 []


Overfull \hbox (8.68884pt too wide) in paragraph at lines 20--21
\OT1/cmr/m/it/10 in
 []


Overfull \hbox (16.86655pt too wide) in paragraph at lines 20--21
\OT1/cmr/m/it/10 Sci-
 []


Overfull \hbox (13.7999pt too wide) in paragraph at lines 20--21
\OT1/cmr/m/it/10 en-
 []


Overfull \hbox (16.611pt too wide) in paragraph at lines 20--21
\OT1/cmr/m/it/10 tific
 []


Overfull \hbox (24.02206pt too wide) in paragraph at lines 20--21
\OT1/cmr/m/it/10 Com-
 []


Overfull \hbox (17.37766pt too wide) in paragraph at lines 20--21
\OT1/cmr/m/it/10 put-
 []


Overfull \hbox (13.2888pt too wide) in paragraph at lines 20--21
\OT1/cmr/m/it/10 ing
 []


! LaTeX Error: Lonely \item--perhaps a missing list environment.

See the LaTeX manual or LaTeX Companion for explanation.
Type  H <return>  for immediate help.
 ...                                              
                                                  
l.21 \bibitem{CCITTG4}
                      CCITT, \emph{Facsimile Coding Schemes and Coding Contr...

Try typing  <return>  to proceed.
If that doesn't work, type  X <return>  to quit.

! Undefined control sequence.
<argument> \@listctr 
                     
l.21 \bibitem{CCITTG4}
                      CCITT, \emph{Facsimile Coding Schemes and Coding Contr...
The control sequence at the end of the top line
of your error message was never \def'ed. If you have
misspelled it (e.g., `\hobx'), type `I' and the correct
spelling (e.g., `I\hbox'). Otherwise just continue,
and I'll forget about whatever was undefined.

! You can't use `\relax' after \the.
<recently read> \c@ 
                    
l.21 \bibitem{CCITTG4}
                      CCITT, \emph{Facsimile Coding Schemes and Coding Contr...
I'm forgetting what you said and using zero instead.

\bibcite{CCITTG4}{0}
Missing character: There is no C in font nullfont!
Missing character: There is no C in font nullfont!
Missing character: There is no I in font nullfont!
Missing character: There is no T in font nullfont!
Missing character: There is no T in font nullfont!
Missing character: There is no , in font nullfont!
Missing character: There is no , in font nullfont!
Missing character: There is no G in font nullfont!
Missing character: There is no e in font nullfont!
Missing character: There is no n in font nullfont!
Missing character: There is no e in font nullfont!
Missing character: There is no v in font nullfont!
Missing character: There is no a in font nullfont!
Missing character: There is no , in font nullfont!
Missing character: There is no C in font nullfont!
Missing character: There is no C in font nullfont!
Missing character: There is no I in font nullfont!
Missing character: There is no T in font nullfont!
Missing character: There is no T in font nullfont!
Missing character: There is no 1 in font nullfont!
Missing character: There is no 9 in font nullfont!
Missing character: There is no 8 in font nullfont!
Missing character: There is no 5 in font nullfont!
Missing character: There is no . in font nullfont!

Overfull \hbox (19.04985pt too wide) in paragraph at lines 21--24
\OT1/cmr/m/it/10 Fac-
 []


Overfull \hbox (18.911pt too wide) in paragraph at lines 21--24
\OT1/cmr/m/it/10 sim-
 []


Overfull \hbox (10.22215pt too wide) in paragraph at lines 21--24
\OT1/cmr/m/it/10 ile
 []


Overfull \hbox (20.44429pt too wide) in paragraph at lines 21--24
\OT1/cmr/m/it/10 Cod-
 []


Overfull \hbox (13.2888pt too wide) in paragraph at lines 21--24
\OT1/cmr/m/it/10 ing
 []


Overfull \hbox (36.79976pt too wide) in paragraph at lines 21--24
\OT1/cmr/m/it/10 Schemes
 []


Overfull \hbox (15.84436pt too wide) in paragraph at lines 21--24
\OT1/cmr/m/it/10 and
 []


Overfull \hbox (20.44429pt too wide) in paragraph at lines 21--24
\OT1/cmr/m/it/10 Cod-
 []


Overfull \hbox (13.2888pt too wide) in paragraph at lines 21--24
\OT1/cmr/m/it/10 ing
 []


Overfull \hbox (21.46652pt too wide) in paragraph at lines 21--24
\OT1/cmr/m/it/10 Con-
 []


Overfull \hbox (14.69432pt too wide) in paragraph at lines 21--24
\OT1/cmr/m/it/10 trol
 []


Overfull \hbox (24.9276pt too wide) in paragraph at lines 21--24
\OT1/cmr/m/it/10 Func-
 []


Overfull \hbox (21.21098pt too wide) in paragraph at lines 21--24
\OT1/cmr/m/it/10 tions
 []


Overfull \hbox (12.39436pt too wide) in paragraph at lines 21--24
\OT1/cmr/m/it/10 for
 []


Overfull \hbox (27.03038pt too wide) in paragraph at lines 21--24
\OT1/cmr/m/it/10 Group
 []


Overfull \hbox (5.11108pt too wide) in paragraph at lines 21--24
\OT1/cmr/m/it/10 4
 []


Overfull \hbox (19.04985pt too wide) in paragraph at lines 21--24
\OT1/cmr/m/it/10 Fac-
 []


Overfull \hbox (18.911pt too wide) in paragraph at lines 21--24
\OT1/cmr/m/it/10 sim-
 []


Overfull \hbox (10.22215pt too wide) in paragraph at lines 21--24
\OT1/cmr/m/it/10 ile
 []


Overfull \hbox (16.12212pt too wide) in paragraph at lines 21--24
\OT1/cmr/m/it/10 Ap-
 []


Overfull \hbox (13.28879pt too wide) in paragraph at lines 21--24
\OT1/cmr/m/it/10 pa-
 []


Overfull \hbox (12.39433pt too wide) in paragraph at lines 21--24
\OT1/cmr/m/it/10 ra-
 []


Overfull \hbox (15.84435pt too wide) in paragraph at lines 21--24
\OT1/cmr/m/it/10 tus,
 []


Overfull \hbox (19.04982pt too wide) in paragraph at lines 21--24
\OT1/cmr/m/it/10 Rec-
 []


Overfull \hbox (16.86656pt too wide) in paragraph at lines 21--24
\OT1/cmr/m/it/10 om-
 []


Overfull \hbox (21.97763pt too wide) in paragraph at lines 21--24
\OT1/cmr/m/it/10 men-
 []


Overfull \hbox (13.79991pt too wide) in paragraph at lines 21--24
\OT1/cmr/m/it/10 da-
 []


Overfull \hbox (17.12212pt too wide) in paragraph at lines 21--24
\OT1/cmr/m/it/10 tion
 []


Overfull \hbox (18.39989pt too wide) in paragraph at lines 21--24
\OT1/cmr/m/it/10 T.6,
 []


Overfull \hbox (17.911pt too wide) in paragraph at lines 21--24
\OT1/cmr/m/it/10 Vol-
 []


Overfull \hbox (18.14433pt too wide) in paragraph at lines 21--24
\OT1/cmr/m/it/10 ume
 []


Overfull \hbox (18.211pt too wide) in paragraph at lines 21--24
\OT1/cmr/m/it/10 VII,
 []


Overfull \hbox (18.53876pt too wide) in paragraph at lines 21--24
\OT1/cmr/m/it/10 Fas-
 []


Overfull \hbox (11.24435pt too wide) in paragraph at lines 21--24
\OT1/cmr/m/it/10 ci-
 []


Overfull \hbox (11.75546pt too wide) in paragraph at lines 21--24
\OT1/cmr/m/it/10 cle
 []


Overfull \hbox (26.38873pt too wide) in paragraph at lines 21--24
\OT1/cmr/m/it/10 VII.3,
 []


Overfull \hbox (18.78317pt too wide) in paragraph at lines 21--24
\OT1/cmr/m/it/10 Ter-
 []


Overfull \hbox (14.82213pt too wide) in paragraph at lines 21--24
\OT1/cmr/m/it/10 mi-
 []


Overfull \hbox (13.28882pt too wide) in paragraph at lines 21--24
\OT1/cmr/m/it/10 nal
 []


Overfull \hbox (28.50537pt too wide) in paragraph at lines 21--24
\OT1/cmr/m/it/10 Equip-
 []


Overfull \hbox (21.72208pt too wide) in paragraph at lines 21--24
\OT1/cmr/m/it/10 ment
 []


Overfull \hbox (15.84436pt too wide) in paragraph at lines 21--24
\OT1/cmr/m/it/10 and
 []


Overfull \hbox (19.17763pt too wide) in paragraph at lines 21--24
\OT1/cmr/m/it/10 Pro-
 []


Overfull \hbox (12.01102pt too wide) in paragraph at lines 21--24
\OT1/cmr/m/it/10 to-
 []


Overfull \hbox (15.84433pt too wide) in paragraph at lines 21--24
\OT1/cmr/m/it/10 cols
 []


Overfull \hbox (12.39436pt too wide) in paragraph at lines 21--24
\OT1/cmr/m/it/10 for
 []


Overfull \hbox (29.89978pt too wide) in paragraph at lines 21--24
\OT1/cmr/m/it/10 Telem-
 []


Overfull \hbox (16.09988pt too wide) in paragraph at lines 21--24
\OT1/cmr/m/it/10 atic
 []


Overfull \hbox (18.01653pt too wide) in paragraph at lines 21--24
\OT1/cmr/m/it/10 Ser-
 []


Overfull \hbox (23.51093pt too wide) in paragraph at lines 21--24
\OT1/cmr/m/it/10 vices,
 []


Overfull \hbox (16.86655pt too wide) in paragraph at lines 21--24
\OT1/cmr/m/it/10 The
 []


Overfull \hbox (13.05547pt too wide) in paragraph at lines 21--24
\OT1/cmr/m/it/10 In-
 []


Overfull \hbox (15.71652pt too wide) in paragraph at lines 21--24
\OT1/cmr/m/it/10 ter-
 []


Overfull \hbox (14.31102pt too wide) in paragraph at lines 21--24
\OT1/cmr/m/it/10 na-
 []


Overfull \hbox (24.78874pt too wide) in paragraph at lines 21--24
\OT1/cmr/m/it/10 tional
 []


Overfull \hbox (21.72205pt too wide) in paragraph at lines 21--24
\OT1/cmr/m/it/10 Tele-
 []


Overfull \hbox (23.63872pt too wide) in paragraph at lines 21--24
\OT1/cmr/m/it/10 graph
 []


Overfull \hbox (15.84436pt too wide) in paragraph at lines 21--24
\OT1/cmr/m/it/10 and
 []


Overfull \hbox (21.72205pt too wide) in paragraph at lines 21--24
\OT1/cmr/m/it/10 Tele-
 []


Overfull \hbox (25.5554pt too wide) in paragraph at lines 21--24
\OT1/cmr/m/it/10 phone
 []


Overfull \hbox (21.46652pt too wide) in paragraph at lines 21--24
\OT1/cmr/m/it/10 Con-
 []


Overfull \hbox (15.58879pt too wide) in paragraph at lines 21--24
\OT1/cmr/m/it/10 sul-
 []


Overfull \hbox (12.01102pt too wide) in paragraph at lines 21--24
\OT1/cmr/m/it/10 ta-
 []


Overfull \hbox (15.58876pt too wide) in paragraph at lines 21--24
\OT1/cmr/m/it/10 tive
 []


Overfull \hbox (24.02206pt too wide) in paragraph at lines 21--24
\OT1/cmr/m/it/10 Com-
 []


Overfull \hbox (18.14432pt too wide) in paragraph at lines 21--24
\OT1/cmr/m/it/10 mit-
 []


Overfull \hbox (12.01099pt too wide) in paragraph at lines 21--24
\OT1/cmr/m/it/10 tee
 []


Overfull \hbox (40.65527pt too wide) in paragraph at lines 21--24
\OT1/cmr/m/it/10 (CCITT)
 []


! LaTeX Error: Lonely \item--perhaps a missing list environment.

See the LaTeX manual or LaTeX Companion for explanation.
Type  H <return>  for immediate help.
 ...                                              
                                                  
l.24 \bibitem{drwal:mathematica2000}
                                     Drwal G, i in., \emph{Mathematica 4}, G...

Try typing  <return>  to proceed.
If that doesn't work, type  X <return>  to quit.

! Undefined control sequence.
<argument> \@listctr 
                     
l.24 \bibitem{drwal:mathematica2000}
                                     Drwal G, i in., \emph{Mathematica 4}, G...
The control sequence at the end of the top line
of your error message was never \def'ed. If you have
misspelled it (e.g., `\hobx'), type `I' and the correct
spelling (e.g., `I\hbox'). Otherwise just continue,
and I'll forget about whatever was undefined.

! You can't use `\relax' after \the.
<recently read> \c@ 
                    
l.24 \bibitem{drwal:mathematica2000}
                                     Drwal G, i in., \emph{Mathematica 4}, G...
I'm forgetting what you said and using zero instead.

\bibcite{drwal:mathematica2000}{0}
Missing character: There is no D in font nullfont!
Missing character: There is no r in font nullfont!
Missing character: There is no w in font nullfont!
Missing character: There is no a in font nullfont!
Missing character: There is no l in font nullfont!
Missing character: There is no G in font nullfont!
Missing character: There is no , in font nullfont!
Missing character: There is no i in font nullfont!
Missing character: There is no i in font nullfont!
Missing character: There is no n in font nullfont!
Missing character: There is no . in font nullfont!
Missing character: There is no , in font nullfont!
Missing character: There is no , in font nullfont!
Missing character: There is no G in font nullfont!
Missing character: There is no l in font nullfont!
Missing character: There is no i in font nullfont!
Missing character: There is no w in font nullfont!
Missing character: There is no i in font nullfont!
Missing character: There is no c in font nullfont!
Missing character: There is no e in font nullfont!
Missing character: There is no , in font nullfont!
Missing character: There is no W in font nullfont!
Missing character: There is no P in font nullfont!
Missing character: There is no K in font nullfont!
Missing character: There is no J in font nullfont!
Missing character: There is no S in font nullfont!
Missing character: There is no 2 in font nullfont!
Missing character: There is no 0 in font nullfont!
Missing character: There is no 0 in font nullfont!
Missing character: There is no . in font nullfont!

Overfull \hbox (26.08871pt too wide) in paragraph at lines 24--25
\OT1/cmr/m/it/10 Math-
 []


Overfull \hbox (8.1777pt too wide) in paragraph at lines 24--25
\OT1/cmr/m/it/10 e-
 []


Overfull \hbox (20.18875pt too wide) in paragraph at lines 24--25
\OT1/cmr/m/it/10 mat-
 []


Overfull \hbox (12.26657pt too wide) in paragraph at lines 24--25
\OT1/cmr/m/it/10 ica
 []


Overfull \hbox (5.11108pt too wide) in paragraph at lines 24--25
\OT1/cmr/m/it/10 4
 []


! LaTeX Error: Lonely \item--perhaps a missing list environment.

See the LaTeX manual or LaTeX Companion for explanation.
Type  H <return>  for immediate help.
 ...                                              
                                                  
l.25 \bibitem{Gdowski1982}
                           Gdowski B.: \emph{Elementy geometrii r√≥zniczkowe...

Try typing  <return>  to proceed.
If that doesn't work, type  X <return>  to quit.

! Undefined control sequence.
<argument> \@listctr 
                     
l.25 \bibitem{Gdowski1982}
                           Gdowski B.: \emph{Elementy geometrii r√≥zniczkowe...
The control sequence at the end of the top line
of your error message was never \def'ed. If you have
misspelled it (e.g., `\hobx'), type `I' and the correct
spelling (e.g., `I\hbox'). Otherwise just continue,
and I'll forget about whatever was undefined.

! You can't use `\relax' after \the.
<recently read> \c@ 
                    
l.25 \bibitem{Gdowski1982}
                           Gdowski B.: \emph{Elementy geometrii r√≥zniczkowe...
I'm forgetting what you said and using zero instead.

\bibcite{Gdowski1982}{0}
Missing character: There is no G in font nullfont!
Missing character: There is no d in font nullfont!
Missing character: There is no o in font nullfont!
Missing character: There is no w in font nullfont!
Missing character: There is no s in font nullfont!
Missing character: There is no k in font nullfont!
Missing character: There is no i in font nullfont!
Missing character: There is no B in font nullfont!
Missing character: There is no . in font nullfont!
Missing character: There is no : in font nullfont!
Missing character: There is no √ in font cmti10!
Missing character: There is no ≥ in font cmti10!
Missing character: There is no , in font nullfont!
Missing character: There is no W in font nullfont!
Missing character: There is no a in font nullfont!
Missing character: There is no r in font nullfont!
Missing character: There is no s in font nullfont!
Missing character: There is no z in font nullfont!
Missing character: There is no a in font nullfont!
Missing character: There is no w in font nullfont!
Missing character: There is no a in font nullfont!
Missing character: There is no , in font nullfont!
Missing character: There is no P in font nullfont!
Missing character: There is no W in font nullfont!
Missing character: There is no N in font nullfont!
Missing character: There is no 1 in font nullfont!
Missing character: There is no 9 in font nullfont!
Missing character: There is no 8 in font nullfont!
Missing character: There is no 2 in font nullfont!
Missing character: There is no . in font nullfont!

Overfull \hbox (12.91658pt too wide) in paragraph at lines 25--26
\OT1/cmr/m/it/10 El-
 []


Overfull \hbox (8.1777pt too wide) in paragraph at lines 25--26
\OT1/cmr/m/it/10 e-
 []


Overfull \hbox (26.57759pt too wide) in paragraph at lines 25--26
\OT1/cmr/m/it/10 menty
 []


Overfull \hbox (12.77766pt too wide) in paragraph at lines 25--26
\OT1/cmr/m/it/10 ge-
 []


Overfull \hbox (31.5609pt too wide) in paragraph at lines 25--26
\OT1/cmr/m/it/10 ometrii
 []


Overfull \hbox (49.70523pt too wide) in paragraph at lines 25--26
\OT1/cmr/m/it/10 rzniczkowej
 []


Overfull \hbox (6.64441pt too wide) in paragraph at lines 25--26
\OT1/cmr/m/it/10 w
 []


Overfull \hbox (22.99986pt too wide) in paragraph at lines 25--26
\OT1/cmr/m/it/10 zada-
 []


Overfull \hbox (12.26659pt too wide) in paragraph at lines 25--26
\OT1/cmr/m/it/10 ni-
 []


Overfull \hbox (14.82213pt too wide) in paragraph at lines 25--26
\OT1/cmr/m/it/10 ach
 []


! LaTeX Error: Lonely \item--perhaps a missing list environment.

See the LaTeX manual or LaTeX Companion for explanation.
Type  H <return>  for immediate help.
 ...                                              
                                                  
l.26 \bibitem{Gotlib2007}
                          Gotlib D., Iwaniak A., Olszewski R.: \emph{GIS obs...

Try typing  <return>  to proceed.
If that doesn't work, type  X <return>  to quit.

! Undefined control sequence.
<argument> \@listctr 
                     
l.26 \bibitem{Gotlib2007}
                          Gotlib D., Iwaniak A., Olszewski R.: \emph{GIS obs...
The control sequence at the end of the top line
of your error message was never \def'ed. If you have
misspelled it (e.g., `\hobx'), type `I' and the correct
spelling (e.g., `I\hbox'). Otherwise just continue,
and I'll forget about whatever was undefined.

! You can't use `\relax' after \the.
<recently read> \c@ 
                    
l.26 \bibitem{Gotlib2007}
                          Gotlib D., Iwaniak A., Olszewski R.: \emph{GIS obs...
I'm forgetting what you said and using zero instead.

\bibcite{Gotlib2007}{0}
Missing character: There is no G in font nullfont!
Missing character: There is no o in font nullfont!
Missing character: There is no t in font nullfont!
Missing character: There is no l in font nullfont!
Missing character: There is no i in font nullfont!
Missing character: There is no b in font nullfont!
Missing character: There is no D in font nullfont!
Missing character: There is no . in font nullfont!
Missing character: There is no , in font nullfont!
Missing character: There is no I in font nullfont!
Missing character: There is no w in font nullfont!
Missing character: There is no a in font nullfont!
Missing character: There is no n in font nullfont!
Missing character: There is no i in font nullfont!
Missing character: There is no a in font nullfont!
Missing character: There is no k in font nullfont!
Missing character: There is no A in font nullfont!
Missing character: There is no . in font nullfont!
Missing character: There is no , in font nullfont!
Missing character: There is no O in font nullfont!
Missing character: There is no l in font nullfont!
Missing character: There is no s in font nullfont!
Missing character: There is no z in font nullfont!
Missing character: There is no e in font nullfont!
Missing character: There is no w in font nullfont!
Missing character: There is no s in font nullfont!
Missing character: There is no k in font nullfont!
Missing character: There is no i in font nullfont!
Missing character: There is no R in font nullfont!
Missing character: There is no . in font nullfont!
Missing character: There is no : in font nullfont!
Missing character: There is no ≈ in font cmti10!
Missing character: There is no Ñ in font cmti10!
Missing character: There is no , in font nullfont!
Missing character: There is no W in font nullfont!
Missing character: There is no a in font nullfont!
Missing character: There is no r in font nullfont!
Missing character: There is no s in font nullfont!
Missing character: There is no z in font nullfont!
Missing character: There is no a in font nullfont!
Missing character: There is no w in font nullfont!
Missing character: There is no a in font nullfont!
Missing character: There is no , in font nullfont!
Missing character: There is no P in font nullfont!
Missing character: There is no W in font nullfont!
Missing character: There is no N in font nullfont!
Missing character: There is no 2 in font nullfont!
Missing character: There is no 0 in font nullfont!
Missing character: There is no 0 in font nullfont!
Missing character: There is no 7 in font nullfont!
Missing character: There is no . in font nullfont!

Overfull \hbox (17.21379pt too wide) in paragraph at lines 26--27
\OT1/cmr/m/it/10 GIS
 []


Overfull \hbox (13.28879pt too wide) in paragraph at lines 26--27
\OT1/cmr/m/it/10 ob-
 []


Overfull \hbox (22.36096pt too wide) in paragraph at lines 26--27
\OT1/cmr/m/it/10 szary
 []


Overfull \hbox (12.7777pt too wide) in paragraph at lines 26--27
\OT1/cmr/m/it/10 za-
 []


Overfull \hbox (7.66661pt too wide) in paragraph at lines 26--27
\OT1/cmr/m/it/10 s-
 []


Overfull \hbox (29.38872pt too wide) in paragraph at lines 26--27
\OT1/cmr/m/it/10 tosowa
 []


! LaTeX Error: Lonely \item--perhaps a missing list environment.

See the LaTeX manual or LaTeX Companion for explanation.
Type  H <return>  for immediate help.
 ...                                              
                                                  
l.27 \bibitem{INTERGRAPHFileFormat1994}
                                        INTERGRAPH: \emph{INTERGRAPH RASTER ...

Try typing  <return>  to proceed.
If that doesn't work, type  X <return>  to quit.

! Undefined control sequence.
<argument> \@listctr 
                     
l.27 \bibitem{INTERGRAPHFileFormat1994}
                                        INTERGRAPH: \emph{INTERGRAPH RASTER ...
The control sequence at the end of the top line
of your error message was never \def'ed. If you have
misspelled it (e.g., `\hobx'), type `I' and the correct
spelling (e.g., `I\hbox'). Otherwise just continue,
and I'll forget about whatever was undefined.

! You can't use `\relax' after \the.
<recently read> \c@ 
                    
l.27 \bibitem{INTERGRAPHFileFormat1994}
                                        INTERGRAPH: \emph{INTERGRAPH RASTER ...
I'm forgetting what you said and using zero instead.

\bibcite{INTERGRAPHFileFormat1994}{0}
Missing character: There is no I in font nullfont!
Missing character: There is no N in font nullfont!
Missing character: There is no T in font nullfont!
Missing character: There is no E in font nullfont!
Missing character: There is no R in font nullfont!
Missing character: There is no G in font nullfont!
Missing character: There is no R in font nullfont!
Missing character: There is no A in font nullfont!
Missing character: There is no P in font nullfont!
Missing character: There is no H in font nullfont!
Missing character: There is no : in font nullfont!
Missing character: There is no , in font nullfont!
Missing character: There is no A in font nullfont!
Missing character: There is no l in font nullfont!
Missing character: There is no a in font nullfont!
Missing character: There is no b in font nullfont!
Missing character: There is no a in font nullfont!
Missing character: There is no m in font nullfont!
Missing character: There is no a in font nullfont!
Missing character: There is no , in font nullfont!
Missing character: There is no I in font nullfont!
Missing character: There is no n in font nullfont!
Missing character: There is no t in font nullfont!
Missing character: There is no e in font nullfont!
Missing character: There is no r in font nullfont!
Missing character: There is no g in font nullfont!
Missing character: There is no r in font nullfont!
Missing character: There is no a in font nullfont!
Missing character: There is no p in font nullfont!
Missing character: There is no h in font nullfont!
Missing character: There is no C in font nullfont!
Missing character: There is no o in font nullfont!
Missing character: There is no r in font nullfont!
Missing character: There is no p in font nullfont!
Missing character: There is no o in font nullfont!
Missing character: There is no r in font nullfont!
Missing character: There is no a in font nullfont!
Missing character: There is no t in font nullfont!
Missing character: There is no i in font nullfont!
Missing character: There is no o in font nullfont!
Missing character: There is no n in font nullfont!
Missing character: There is no 1 in font nullfont!
Missing character: There is no 9 in font nullfont!
Missing character: There is no 9 in font nullfont!
Missing character: There is no 4 in font nullfont!
Missing character: There is no . in font nullfont!

Overfull \hbox (14.86656pt too wide) in paragraph at lines 27--28
\OT1/cmr/m/it/10 IN-
 []


Overfull \hbox (24.81094pt too wide) in paragraph at lines 27--28
\OT1/cmr/m/it/10 TER-
 []


Overfull \hbox (36.68034pt too wide) in paragraph at lines 27--28
\OT1/cmr/m/it/10 GRAPH
 []


Overfull \hbox (41.58308pt too wide) in paragraph at lines 27--28
\OT1/cmr/m/it/10 RASTER
 []


Overfull \hbox (23.43872pt too wide) in paragraph at lines 27--28
\OT1/cmr/m/it/10 FILE
 []


Overfull \hbox (24.81093pt too wide) in paragraph at lines 27--28
\OT1/cmr/m/it/10 FOR-
 []


Overfull \hbox (22.78874pt too wide) in paragraph at lines 27--28
\OT1/cmr/m/it/10 MAT
 []


Overfull \hbox (24.18317pt too wide) in paragraph at lines 27--28
\OT1/cmr/m/it/10 REF-
 []


Overfull \hbox (17.65544pt too wide) in paragraph at lines 27--28
\OT1/cmr/m/it/10 ER-
 []


Overfull \hbox (28.15538pt too wide) in paragraph at lines 27--28
\OT1/cmr/m/it/10 ENCE
 []


Overfull \hbox (33.35812pt too wide) in paragraph at lines 27--28
\OT1/cmr/m/it/10 GUIDE
 []


! LaTeX Error: The font size command \normalsize is not defined:
               there is probably something wrong with the class file.

See the LaTeX manual or LaTeX Companion for explanation.
Type  H <return>  for immediate help.
 ...                                              
                                                  
l.28 \bibitem{Januszewski2006}
                               Januszewski J.: \emph{Systemy satelitarne GPS...

Your command was ignored.
Type  I <command> <return>  to replace it with another command,
or  <return>  to continue without it.

[1{C:/Users/hide/AppData/Local/MiKTeX/2.9/pdftex/config/pdftex.map}]

! LaTeX Error: Lonely \item--perhaps a missing list environment.

See the LaTeX manual or LaTeX Companion for explanation.
Type  H <return>  for immediate help.
 ...                                              
                                                  
l.28 \bibitem{Januszewski2006}
                               Januszewski J.: \emph{Systemy satelitarne GPS...

Try typing  <return>  to proceed.
If that doesn't work, type  X <return>  to quit.

! Undefined control sequence.
<argument> \@listctr 
                     
l.28 \bibitem{Januszewski2006}
                               Januszewski J.: \emph{Systemy satelitarne GPS...
The control sequence at the end of the top line
of your error message was never \def'ed. If you have
misspelled it (e.g., `\hobx'), type `I' and the correct
spelling (e.g., `I\hbox'). Otherwise just continue,
and I'll forget about whatever was undefined.

! You can't use `\relax' after \the.
<recently read> \c@ 
                    
l.28 \bibitem{Januszewski2006}
                               Januszewski J.: \emph{Systemy satelitarne GPS...
I'm forgetting what you said and using zero instead.

\bibcite{Januszewski2006}{0}
Missing character: There is no J in font nullfont!
Missing character: There is no a in font nullfont!
Missing character: There is no n in font nullfont!
Missing character: There is no u in font nullfont!
Missing character: There is no s in font nullfont!
Missing character: There is no z in font nullfont!
Missing character: There is no e in font nullfont!
Missing character: There is no w in font nullfont!
Missing character: There is no s in font nullfont!
Missing character: There is no k in font nullfont!
Missing character: There is no i in font nullfont!
Missing character: There is no J in font nullfont!
Missing character: There is no . in font nullfont!
Missing character: There is no : in font nullfont!
Missing character: There is no , in font nullfont!
Missing character: There is no W in font nullfont!
Missing character: There is no a in font nullfont!
Missing character: There is no r in font nullfont!
Missing character: There is no s in font nullfont!
Missing character: There is no z in font nullfont!
Missing character: There is no a in font nullfont!
Missing character: There is no w in font nullfont!
Missing character: There is no a in font nullfont!
Missing character: There is no , in font nullfont!
Missing character: There is no P in font nullfont!
Missing character: There is no W in font nullfont!
Missing character: There is no N in font nullfont!
Missing character: There is no 2 in font nullfont!
Missing character: There is no 0 in font nullfont!
Missing character: There is no 0 in font nullfont!
Missing character: There is no 6 in font nullfont!
Missing character: There is no . in font nullfont!

Overfull \hbox (18.14432pt too wide) in paragraph at lines 28--29
\OT1/cmr/m/it/10 Sys-
 []


Overfull \hbox (20.9554pt too wide) in paragraph at lines 28--29
\OT1/cmr/m/it/10 temy
 []


Overfull \hbox (45.61635pt too wide) in paragraph at lines 28--29
\OT1/cmr/m/it/10 satelitarne
 []


Overfull \hbox (23.2082pt too wide) in paragraph at lines 28--29
\OT1/cmr/m/it/10 GPS,
 []


Overfull \hbox (30.22481pt too wide) in paragraph at lines 28--29
\OT1/cmr/m/it/10 Galileo
 []


Overfull \hbox (3.06665pt too wide) in paragraph at lines 28--29
\OT1/cmr/m/it/10 i
 []


Overfull \hbox (18.911pt too wide) in paragraph at lines 28--29
\OT1/cmr/m/it/10 inne
 []


! LaTeX Error: Lonely \item--perhaps a missing list environment.

See the LaTeX manual or LaTeX Companion for explanation.
Type  H <return>  for immediate help.
 ...                                              
                                                  
l.29 \bibitem{kielbasinski1992}
                               : Kie≈Çbasi≈Ñski A., Schwetlick H.: \emph{Num...

Try typing  <return>  to proceed.
If that doesn't work, type  X <return>  to quit.

! Undefined control sequence.
<argument> \@listctr 
                     
l.29 \bibitem{kielbasinski1992}
                               : Kie≈Çbasi≈Ñski A., Schwetlick H.: \emph{Num...
The control sequence at the end of the top line
of your error message was never \def'ed. If you have
misspelled it (e.g., `\hobx'), type `I' and the correct
spelling (e.g., `I\hbox'). Otherwise just continue,
and I'll forget about whatever was undefined.

! You can't use `\relax' after \the.
<recently read> \c@ 
                    
l.29 \bibitem{kielbasinski1992}
                               : Kie≈Çbasi≈Ñski A., Schwetlick H.: \emph{Num...
I'm forgetting what you said and using zero instead.

\bibcite{kielbasinski1992}{0}
Missing character: There is no : in font nullfont!
Missing character: There is no K in font nullfont!
Missing character: There is no i in font nullfont!
Missing character: There is no e in font nullfont!
Missing character: There is no ≈ in font nullfont!
Missing character: There is no Ç in font nullfont!
Missing character: There is no b in font nullfont!
Missing character: There is no a in font nullfont!
Missing character: There is no s in font nullfont!
Missing character: There is no i in font nullfont!
Missing character: There is no ≈ in font nullfont!
Missing character: There is no Ñ in font nullfont!
Missing character: There is no s in font nullfont!
Missing character: There is no k in font nullfont!
Missing character: There is no i in font nullfont!
Missing character: There is no A in font nullfont!
Missing character: There is no . in font nullfont!
Missing character: There is no , in font nullfont!
Missing character: There is no S in font nullfont!
Missing character: There is no c in font nullfont!
Missing character: There is no h in font nullfont!
Missing character: There is no w in font nullfont!
Missing character: There is no e in font nullfont!
Missing character: There is no t in font nullfont!
Missing character: There is no l in font nullfont!
Missing character: There is no i in font nullfont!
Missing character: There is no c in font nullfont!
Missing character: There is no k in font nullfont!
Missing character: There is no H in font nullfont!
Missing character: There is no . in font nullfont!
Missing character: There is no : in font nullfont!
Missing character: There is no , in font nullfont!
Missing character: There is no W in font nullfont!
Missing character: There is no a in font nullfont!
Missing character: There is no r in font nullfont!
Missing character: There is no s in font nullfont!
Missing character: There is no z in font nullfont!
Missing character: There is no a in font nullfont!
Missing character: There is no w in font nullfont!
Missing character: There is no a in font nullfont!
Missing character: There is no , in font nullfont!
Missing character: There is no W in font nullfont!
Missing character: There is no N in font nullfont!
Missing character: There is no T in font nullfont!
Missing character: There is no 1 in font nullfont!
Missing character: There is no 9 in font nullfont!
Missing character: There is no 9 in font nullfont!
Missing character: There is no 2 in font nullfont!
Missing character: There is no . in font nullfont!

Overfull \hbox (16.37767pt too wide) in paragraph at lines 29--30
\OT1/cmr/m/it/10 Nu-
 []


Overfull \hbox (41.27194pt too wide) in paragraph at lines 29--30
\OT1/cmr/m/it/10 meryczna
 []


Overfull \hbox (11.24437pt too wide) in paragraph at lines 29--30
\OT1/cmr/m/it/10 al-
 []


Overfull \hbox (12.77766pt too wide) in paragraph at lines 29--30
\OT1/cmr/m/it/10 ge-
 []


Overfull \hbox (13.41655pt too wide) in paragraph at lines 29--30
\OT1/cmr/m/it/10 bra
 []


Overfull \hbox (14.82213pt too wide) in paragraph at lines 29--30
\OT1/cmr/m/it/10 lin-
 []


Overfull \hbox (19.93323pt too wide) in paragraph at lines 29--30
\OT1/cmr/m/it/10 iowa
 []


! LaTeX Error: Lonely \item--perhaps a missing list environment.

See the LaTeX manual or LaTeX Companion for explanation.
Type  H <return>  for immediate help.
 ...                                              
                                                  
l.30 \bibitem{Kincaid2006}
                           Kincaid D.: \emph{Analiza numeryczna}, Warszawa, ...

Try typing  <return>  to proceed.
If that doesn't work, type  X <return>  to quit.

! Undefined control sequence.
<argument> \@listctr 
                     
l.30 \bibitem{Kincaid2006}
                           Kincaid D.: \emph{Analiza numeryczna}, Warszawa, ...
The control sequence at the end of the top line
of your error message was never \def'ed. If you have
misspelled it (e.g., `\hobx'), type `I' and the correct
spelling (e.g., `I\hbox'). Otherwise just continue,
and I'll forget about whatever was undefined.

! You can't use `\relax' after \the.
<recently read> \c@ 
                    
l.30 \bibitem{Kincaid2006}
                           Kincaid D.: \emph{Analiza numeryczna}, Warszawa, ...
I'm forgetting what you said and using zero instead.

\bibcite{Kincaid2006}{0}
Missing character: There is no K in font nullfont!
Missing character: There is no i in font nullfont!
Missing character: There is no n in font nullfont!
Missing character: There is no c in font nullfont!
Missing character: There is no a in font nullfont!
Missing character: There is no i in font nullfont!
Missing character: There is no d in font nullfont!
Missing character: There is no D in font nullfont!
Missing character: There is no . in font nullfont!
Missing character: There is no : in font nullfont!
Missing character: There is no , in font nullfont!
Missing character: There is no W in font nullfont!
Missing character: There is no a in font nullfont!
Missing character: There is no r in font nullfont!
Missing character: There is no s in font nullfont!
Missing character: There is no z in font nullfont!
Missing character: There is no a in font nullfont!
Missing character: There is no w in font nullfont!
Missing character: There is no a in font nullfont!
Missing character: There is no , in font nullfont!
Missing character: There is no W in font nullfont!
Missing character: There is no N in font nullfont!
Missing character: There is no T in font nullfont!
Missing character: There is no 2 in font nullfont!
Missing character: There is no 0 in font nullfont!
Missing character: There is no 0 in font nullfont!
Missing character: There is no 6 in font nullfont!
Missing character: There is no . in font nullfont!

Overfull \hbox (24.04428pt too wide) in paragraph at lines 30--31
\OT1/cmr/m/it/10 Anal-
 []


Overfull \hbox (12.2666pt too wide) in paragraph at lines 30--31
\OT1/cmr/m/it/10 iza
 []


Overfull \hbox (14.56657pt too wide) in paragraph at lines 30--31
\OT1/cmr/m/it/10 nu-
 []


Overfull \hbox (41.27194pt too wide) in paragraph at lines 30--31
\OT1/cmr/m/it/10 meryczna
 []


! LaTeX Error: Lonely \item--perhaps a missing list environment.

See the LaTeX manual or LaTeX Companion for explanation.
Type  H <return>  for immediate help.
 ...                                              
                                                  
l.31 \bibitem{Lamparski2001}
                            Lamparski J.: \emph{Navstar GPS od teorii do pra...

Try typing  <return>  to proceed.
If that doesn't work, type  X <return>  to quit.

! Undefined control sequence.
<argument> \@listctr 
                     
l.31 \bibitem{Lamparski2001}
                            Lamparski J.: \emph{Navstar GPS od teorii do pra...
The control sequence at the end of the top line
of your error message was never \def'ed. If you have
misspelled it (e.g., `\hobx'), type `I' and the correct
spelling (e.g., `I\hbox'). Otherwise just continue,
and I'll forget about whatever was undefined.

! You can't use `\relax' after \the.
<recently read> \c@ 
                    
l.31 \bibitem{Lamparski2001}
                            Lamparski J.: \emph{Navstar GPS od teorii do pra...
I'm forgetting what you said and using zero instead.

\bibcite{Lamparski2001}{0}
Missing character: There is no L in font nullfont!
Missing character: There is no a in font nullfont!
Missing character: There is no m in font nullfont!
Missing character: There is no p in font nullfont!
Missing character: There is no a in font nullfont!
Missing character: There is no r in font nullfont!
Missing character: There is no s in font nullfont!
Missing character: There is no k in font nullfont!
Missing character: There is no i in font nullfont!
Missing character: There is no J in font nullfont!
Missing character: There is no . in font nullfont!
Missing character: There is no : in font nullfont!
Missing character: There is no , in font nullfont!
Missing character: There is no O in font nullfont!
Missing character: There is no l in font nullfont!
Missing character: There is no s in font nullfont!
Missing character: There is no z in font nullfont!
Missing character: There is no t in font nullfont!
Missing character: There is no y in font nullfont!
Missing character: There is no n in font nullfont!
Missing character: There is no , in font nullfont!
Missing character: There is no W in font nullfont!
Missing character: There is no U in font nullfont!
Missing character: There is no W in font nullfont!
Missing character: There is no - in font nullfont!
Missing character: There is no M in font nullfont!
Missing character: There is no 2 in font nullfont!
Missing character: There is no 0 in font nullfont!
Missing character: There is no 0 in font nullfont!
Missing character: There is no 1 in font nullfont!
Missing character: There is no . in font nullfont!

Overfull \hbox (24.81094pt too wide) in paragraph at lines 31--32
\OT1/cmr/m/it/10 Navs-
 []


Overfull \hbox (12.6499pt too wide) in paragraph at lines 31--32
\OT1/cmr/m/it/10 tar
 []


Overfull \hbox (20.14156pt too wide) in paragraph at lines 31--32
\OT1/cmr/m/it/10 GPS
 []


Overfull \hbox (9.71104pt too wide) in paragraph at lines 31--32
\OT1/cmr/m/it/10 od
 []


Overfull \hbox (22.87204pt too wide) in paragraph at lines 31--32
\OT1/cmr/m/it/10 teorii
 []


Overfull \hbox (10.22217pt too wide) in paragraph at lines 31--32
\OT1/cmr/m/it/10 do
 []


Overfull \hbox (22.10538pt too wide) in paragraph at lines 31--32
\OT1/cmr/m/it/10 prak-
 []


Overfull \hbox (15.84431pt too wide) in paragraph at lines 31--32
\OT1/cmr/m/it/10 tyki
 []


! LaTeX Error: Lonely \item--perhaps a missing list environment.

See the LaTeX manual or LaTeX Companion for explanation.
Type  H <return>  for immediate help.
 ...                                              
                                                  
l.32 \bibitem{Levine1994}
                          Levine J.: \emph{Programowanie plik√≥w graficznych...

Try typing  <return>  to proceed.
If that doesn't work, type  X <return>  to quit.

! Undefined control sequence.
<argument> \@listctr 
                     
l.32 \bibitem{Levine1994}
                          Levine J.: \emph{Programowanie plik√≥w graficznych...
The control sequence at the end of the top line
of your error message was never \def'ed. If you have
misspelled it (e.g., `\hobx'), type `I' and the correct
spelling (e.g., `I\hbox'). Otherwise just continue,
and I'll forget about whatever was undefined.

! You can't use `\relax' after \the.
<recently read> \c@ 
                    
l.32 \bibitem{Levine1994}
                          Levine J.: \emph{Programowanie plik√≥w graficznych...
I'm forgetting what you said and using zero instead.

\bibcite{Levine1994}{0}
Missing character: There is no L in font nullfont!
Missing character: There is no e in font nullfont!
Missing character: There is no v in font nullfont!
Missing character: There is no i in font nullfont!
Missing character: There is no n in font nullfont!
Missing character: There is no e in font nullfont!
Missing character: There is no J in font nullfont!
Missing character: There is no . in font nullfont!
Missing character: There is no : in font nullfont!
Missing character: There is no √ in font cmti10!
Missing character: There is no ≥ in font cmti10!
Missing character: There is no , in font nullfont!
Missing character: There is no N in font nullfont!
Missing character: There is no e in font nullfont!
Missing character: There is no w in font nullfont!
Missing character: There is no Y in font nullfont!
Missing character: There is no o in font nullfont!
Missing character: There is no r in font nullfont!
Missing character: There is no k in font nullfont!
Missing character: There is no , in font nullfont!
Missing character: There is no W in font nullfont!
Missing character: There is no i in font nullfont!
Missing character: There is no l in font nullfont!
Missing character: There is no e in font nullfont!
Missing character: There is no y in font nullfont!
Missing character: There is no 1 in font nullfont!
Missing character: There is no 9 in font nullfont!
Missing character: There is no 9 in font nullfont!
Missing character: There is no 4 in font nullfont!
Missing character: There is no . in font nullfont!

Overfull \hbox (19.17763pt too wide) in paragraph at lines 32--33
\OT1/cmr/m/it/10 Pro-
 []


Overfull \hbox (51.74966pt too wide) in paragraph at lines 32--33
\OT1/cmr/m/it/10 gramowanie
 []


Overfull \hbox (21.97765pt too wide) in paragraph at lines 32--33
\OT1/cmr/m/it/10 plikw
 []


Overfull \hbox (47.91632pt too wide) in paragraph at lines 32--33
\OT1/cmr/m/it/10 graficznych
 []


Overfull \hbox (6.64441pt too wide) in paragraph at lines 32--33
\OT1/cmr/m/it/10 w
 []


Overfull \hbox (34.75534pt too wide) in paragraph at lines 32--33
\OT1/cmr/m/it/10 C/C++
 []


! LaTeX Error: Lonely \item--perhaps a missing list environment.

See the LaTeX manual or LaTeX Companion for explanation.
Type  H <return>  for immediate help.
 ...                                              
                                                  
l.33 \bibitem{Longley2006}
                           Longley P. i inni: \emph{GIS teoria i praktyka}, ...

Try typing  <return>  to proceed.
If that doesn't work, type  X <return>  to quit.

! Undefined control sequence.
<argument> \@listctr 
                     
l.33 \bibitem{Longley2006}
                           Longley P. i inni: \emph{GIS teoria i praktyka}, ...
The control sequence at the end of the top line
of your error message was never \def'ed. If you have
misspelled it (e.g., `\hobx'), type `I' and the correct
spelling (e.g., `I\hbox'). Otherwise just continue,
and I'll forget about whatever was undefined.

! You can't use `\relax' after \the.
<recently read> \c@ 
                    
l.33 \bibitem{Longley2006}
                           Longley P. i inni: \emph{GIS teoria i praktyka}, ...
I'm forgetting what you said and using zero instead.

\bibcite{Longley2006}{0}
Missing character: There is no L in font nullfont!
Missing character: There is no o in font nullfont!
Missing character: There is no n in font nullfont!
Missing character: There is no g in font nullfont!
Missing character: There is no l in font nullfont!
Missing character: There is no e in font nullfont!
Missing character: There is no y in font nullfont!
Missing character: There is no P in font nullfont!
Missing character: There is no . in font nullfont!
Missing character: There is no i in font nullfont!
Missing character: There is no i in font nullfont!
Missing character: There is no n in font nullfont!
Missing character: There is no n in font nullfont!
Missing character: There is no i in font nullfont!
Missing character: There is no : in font nullfont!
Missing character: There is no , in font nullfont!
Missing character: There is no W in font nullfont!
Missing character: There is no a in font nullfont!
Missing character: There is no r in font nullfont!
Missing character: There is no s in font nullfont!
Missing character: There is no z in font nullfont!
Missing character: There is no a in font nullfont!
Missing character: There is no w in font nullfont!
Missing character: There is no a in font nullfont!
Missing character: There is no , in font nullfont!
Missing character: There is no P in font nullfont!
Missing character: There is no W in font nullfont!
Missing character: There is no N in font nullfont!
Missing character: There is no 2 in font nullfont!
Missing character: There is no 0 in font nullfont!
Missing character: There is no 0 in font nullfont!
Missing character: There is no 6 in font nullfont!
Missing character: There is no . in font nullfont!

Overfull \hbox (17.21379pt too wide) in paragraph at lines 33--34
\OT1/cmr/m/it/10 GIS
 []


Overfull \hbox (16.09985pt too wide) in paragraph at lines 33--34
\OT1/cmr/m/it/10 teo-
 []


Overfull \hbox (12.39436pt too wide) in paragraph at lines 33--34
\OT1/cmr/m/it/10 ria
 []


Overfull \hbox (3.06665pt too wide) in paragraph at lines 33--34
\OT1/cmr/m/it/10 i
 []


Overfull \hbox (22.10538pt too wide) in paragraph at lines 33--34
\OT1/cmr/m/it/10 prak-
 []


Overfull \hbox (17.88875pt too wide) in paragraph at lines 33--34
\OT1/cmr/m/it/10 tyka
 []


! LaTeX Error: Lonely \item--perhaps a missing list environment.

See the LaTeX manual or LaTeX Companion for explanation.
Type  H <return>  for immediate help.
 ...                                              
                                                  
l.34 \bibitem{GML:opengis}
                           Open Geospatial Consortium Inc.: \emph{OpenGIS Ge...

Try typing  <return>  to proceed.
If that doesn't work, type  X <return>  to quit.

! Undefined control sequence.
<argument> \@listctr 
                     
l.34 \bibitem{GML:opengis}
                           Open Geospatial Consortium Inc.: \emph{OpenGIS Ge...
The control sequence at the end of the top line
of your error message was never \def'ed. If you have
misspelled it (e.g., `\hobx'), type `I' and the correct
spelling (e.g., `I\hbox'). Otherwise just continue,
and I'll forget about whatever was undefined.

! You can't use `\relax' after \the.
<recently read> \c@ 
                    
l.34 \bibitem{GML:opengis}
                           Open Geospatial Consortium Inc.: \emph{OpenGIS Ge...
I'm forgetting what you said and using zero instead.

\bibcite{GML:opengis}{0}
Missing character: There is no O in font nullfont!
Missing character: There is no p in font nullfont!
Missing character: There is no e in font nullfont!
Missing character: There is no n in font nullfont!
Missing character: There is no G in font nullfont!
Missing character: There is no e in font nullfont!
Missing character: There is no o in font nullfont!
Missing character: There is no s in font nullfont!
Missing character: There is no p in font nullfont!
Missing character: There is no a in font nullfont!
Missing character: There is no t in font nullfont!
Missing character: There is no i in font nullfont!
Missing character: There is no a in font nullfont!
Missing character: There is no l in font nullfont!
Missing character: There is no C in font nullfont!
Missing character: There is no o in font nullfont!
Missing character: There is no n in font nullfont!
Missing character: There is no s in font nullfont!
Missing character: There is no o in font nullfont!
Missing character: There is no r in font nullfont!
Missing character: There is no t in font nullfont!
Missing character: There is no i in font nullfont!
Missing character: There is no u in font nullfont!
Missing character: There is no m in font nullfont!
Missing character: There is no I in font nullfont!
Missing character: There is no n in font nullfont!
Missing character: There is no c in font nullfont!
Missing character: There is no . in font nullfont!
Missing character: There is no : in font nullfont!
Missing character: There is no , in font nullfont!
Missing character: There is no O in font nullfont!
Missing character: There is no G in font nullfont!
Missing character: There is no C in font nullfont!
Missing character: There is no 2 in font nullfont!
Missing character: There is no 0 in font nullfont!
Missing character: There is no 0 in font nullfont!
Missing character: There is no 7 in font nullfont!
Missing character: There is no . in font nullfont!

Overfull \hbox (39.70253pt too wide) in paragraph at lines 34--35
\OT1/cmr/m/it/10 OpenGIS
 []


Overfull \hbox (15.91377pt too wide) in paragraph at lines 34--35
\OT1/cmr/m/it/10 Ge-
 []


Overfull \hbox (12.77766pt too wide) in paragraph at lines 34--35
\OT1/cmr/m/it/10 og-
 []


Overfull \hbox (12.39433pt too wide) in paragraph at lines 34--35
\OT1/cmr/m/it/10 ra-
 []


Overfull \hbox (15.07768pt too wide) in paragraph at lines 34--35
\OT1/cmr/m/it/10 phy
 []


Overfull \hbox (33.37201pt too wide) in paragraph at lines 34--35
\OT1/cmr/m/it/10 Markup
 []


Overfull \hbox (20.07207pt too wide) in paragraph at lines 34--35
\OT1/cmr/m/it/10 Lan-
 []


Overfull \hbox (24.2776pt too wide) in paragraph at lines 34--35
\OT1/cmr/m/it/10 guage
 []


Overfull \hbox (31.15259pt too wide) in paragraph at lines 34--35
\OT1/cmr/m/it/10 (GML)
 []


Overfull \hbox (15.98323pt too wide) in paragraph at lines 34--35
\OT1/cmr/m/it/10 En-
 []


Overfull \hbox (17.37762pt too wide) in paragraph at lines 34--35
\OT1/cmr/m/it/10 cod-
 []


Overfull \hbox (13.2888pt too wide) in paragraph at lines 34--35
\OT1/cmr/m/it/10 ing
 []


Overfull \hbox (23.2554pt too wide) in paragraph at lines 34--35
\OT1/cmr/m/it/10 Stan-
 []


Overfull \hbox (22.10541pt too wide) in paragraph at lines 34--35
\OT1/cmr/m/it/10 dard,
 []


Overfull \hbox (19.06096pt too wide) in paragraph at lines 34--35
\OT1/cmr/m/it/10 Ver-
 []


Overfull \hbox (20.95544pt too wide) in paragraph at lines 34--35
\OT1/cmr/m/it/10 sion:
 []


Overfull \hbox (21.46655pt too wide) in paragraph at lines 34--35
\OT1/cmr/m/it/10 3.2.1
 []


! LaTeX Error: Lonely \item--perhaps a missing list environment.

See the LaTeX manual or LaTeX Companion for explanation.
Type  H <return>  for immediate help.
 ...                                              
                                                  
l.35 \bibitem{GML:opengisimplemntation}
                                        Open Geospatial Consortium Inc.: \em...

Try typing  <return>  to proceed.
If that doesn't work, type  X <return>  to quit.

! Undefined control sequence.
<argument> \@listctr 
                     
l.35 \bibitem{GML:opengisimplemntation}
                                        Open Geospatial Consortium Inc.: \em...
The control sequence at the end of the top line
of your error message was never \def'ed. If you have
misspelled it (e.g., `\hobx'), type `I' and the correct
spelling (e.g., `I\hbox'). Otherwise just continue,
and I'll forget about whatever was undefined.

! You can't use `\relax' after \the.
<recently read> \c@ 
                    
l.35 \bibitem{GML:opengisimplemntation}
                                        Open Geospatial Consortium Inc.: \em...
I'm forgetting what you said and using zero instead.

\bibcite{GML:opengisimplemntation}{0}
Missing character: There is no O in font nullfont!
Missing character: There is no p in font nullfont!
Missing character: There is no e in font nullfont!
Missing character: There is no n in font nullfont!
Missing character: There is no G in font nullfont!
Missing character: There is no e in font nullfont!
Missing character: There is no o in font nullfont!
Missing character: There is no s in font nullfont!
Missing character: There is no p in font nullfont!
Missing character: There is no a in font nullfont!
Missing character: There is no t in font nullfont!
Missing character: There is no i in font nullfont!
Missing character: There is no a in font nullfont!
Missing character: There is no l in font nullfont!
Missing character: There is no C in font nullfont!
Missing character: There is no o in font nullfont!
Missing character: There is no n in font nullfont!
Missing character: There is no s in font nullfont!
Missing character: There is no o in font nullfont!
Missing character: There is no r in font nullfont!
Missing character: There is no t in font nullfont!
Missing character: There is no i in font nullfont!
Missing character: There is no u in font nullfont!
Missing character: There is no m in font nullfont!
Missing character: There is no I in font nullfont!
Missing character: There is no n in font nullfont!
Missing character: There is no c in font nullfont!
Missing character: There is no . in font nullfont!
Missing character: There is no : in font nullfont!
Missing character: There is no ¬ in font cmti10!
Missing character: There is no Æ in font cmti10!
Missing character: There is no , in font nullfont!
Missing character: There is no O in font nullfont!
Missing character: There is no G in font nullfont!
Missing character: There is no C in font nullfont!
Missing character: There is no 2 in font nullfont!
Missing character: There is no 0 in font nullfont!
Missing character: There is no 0 in font nullfont!
Missing character: There is no 4 in font nullfont!
Missing character: There is no . in font nullfont!

Overfull \hbox (39.70253pt too wide) in paragraph at lines 35--36
\OT1/cmr/m/it/10 OpenGIS
 []


Overfull \hbox (15.91377pt too wide) in paragraph at lines 35--36
\OT1/cmr/m/it/10 Ge-
 []


Overfull \hbox (12.77766pt too wide) in paragraph at lines 35--36
\OT1/cmr/m/it/10 og-
 []


Overfull \hbox (12.39433pt too wide) in paragraph at lines 35--36
\OT1/cmr/m/it/10 ra-
 []


Overfull \hbox (15.07768pt too wide) in paragraph at lines 35--36
\OT1/cmr/m/it/10 phy
 []


Overfull \hbox (33.37201pt too wide) in paragraph at lines 35--36
\OT1/cmr/m/it/10 Markup
 []


Overfull \hbox (20.07207pt too wide) in paragraph at lines 35--36
\OT1/cmr/m/it/10 Lan-
 []


Overfull \hbox (24.2776pt too wide) in paragraph at lines 35--36
\OT1/cmr/m/it/10 guage
 []


Overfull \hbox (31.15259pt too wide) in paragraph at lines 35--36
\OT1/cmr/m/it/10 (GML)
 []


Overfull \hbox (15.61101pt too wide) in paragraph at lines 35--36
\OT1/cmr/m/it/10 Im-
 []


Overfull \hbox (15.84433pt too wide) in paragraph at lines 35--36
\OT1/cmr/m/it/10 ple-
 []


Overfull \hbox (21.97763pt too wide) in paragraph at lines 35--36
\OT1/cmr/m/it/10 men-
 []


Overfull \hbox (12.01102pt too wide) in paragraph at lines 35--36
\OT1/cmr/m/it/10 ta-
 []


Overfull \hbox (17.12212pt too wide) in paragraph at lines 35--36
\OT1/cmr/m/it/10 tion
 []


Overfull \hbox (22.4887pt too wide) in paragraph at lines 35--36
\OT1/cmr/m/it/10 Spec-
 []


Overfull \hbox (6.6444pt too wide) in paragraph at lines 35--36
\OT1/cmr/m/it/10 i-
 []


Overfull \hbox (9.19994pt too wide) in paragraph at lines 35--36
\OT1/cmr/m/it/10 fi-
 []


Overfull \hbox (12.77766pt too wide) in paragraph at lines 35--36
\OT1/cmr/m/it/10 ca-
 []


Overfull \hbox (17.12212pt too wide) in paragraph at lines 35--36
\OT1/cmr/m/it/10 tion
 []


! LaTeX Error: Lonely \item--perhaps a missing list environment.

See the LaTeX manual or LaTeX Companion for explanation.
Type  H <return>  for immediate help.
 ...                                              
                                                  
l.36 \bibitem{Opera2002}
                         Opera J.: \emph{Geometria r√≥niczkowa i jej zastoso...

Try typing  <return>  to proceed.
If that doesn't work, type  X <return>  to quit.

! Undefined control sequence.
<argument> \@listctr 
                     
l.36 \bibitem{Opera2002}
                         Opera J.: \emph{Geometria r√≥niczkowa i jej zastoso...
The control sequence at the end of the top line
of your error message was never \def'ed. If you have
misspelled it (e.g., `\hobx'), type `I' and the correct
spelling (e.g., `I\hbox'). Otherwise just continue,
and I'll forget about whatever was undefined.

! You can't use `\relax' after \the.
<recently read> \c@ 
                    
l.36 \bibitem{Opera2002}
                         Opera J.: \emph{Geometria r√≥niczkowa i jej zastoso...
I'm forgetting what you said and using zero instead.

\bibcite{Opera2002}{0}
Missing character: There is no O in font nullfont!
Missing character: There is no p in font nullfont!
Missing character: There is no e in font nullfont!
Missing character: There is no r in font nullfont!
Missing character: There is no a in font nullfont!
Missing character: There is no J in font nullfont!
Missing character: There is no . in font nullfont!
Missing character: There is no : in font nullfont!
Missing character: There is no √ in font cmti10!
Missing character: There is no ≥ in font cmti10!
Missing character: There is no , in font nullfont!
Missing character: There is no W in font nullfont!
Missing character: There is no a in font nullfont!
Missing character: There is no r in font nullfont!
Missing character: There is no s in font nullfont!
Missing character: There is no z in font nullfont!
Missing character: There is no a in font nullfont!
Missing character: There is no w in font nullfont!
Missing character: There is no a in font nullfont!
Missing character: There is no , in font nullfont!
Missing character: There is no P in font nullfont!
Missing character: There is no W in font nullfont!
Missing character: There is no N in font nullfont!
Missing character: There is no 2 in font nullfont!
Missing character: There is no 0 in font nullfont!
Missing character: There is no 0 in font nullfont!
Missing character: There is no 2 in font nullfont!
Missing character: There is no . in font nullfont!

Overfull \hbox (15.91377pt too wide) in paragraph at lines 36--37
\OT1/cmr/m/it/10 Ge-
 []


Overfull \hbox (21.46652pt too wide) in paragraph at lines 36--37
\OT1/cmr/m/it/10 ome-
 []


Overfull \hbox (15.71655pt too wide) in paragraph at lines 36--37
\OT1/cmr/m/it/10 tria
 []


Overfull \hbox (43.06084pt too wide) in paragraph at lines 36--37
\OT1/cmr/m/it/10 rniczkowa
 []


Overfull \hbox (3.06665pt too wide) in paragraph at lines 36--37
\OT1/cmr/m/it/10 i
 []


Overfull \hbox (10.73326pt too wide) in paragraph at lines 36--37
\OT1/cmr/m/it/10 jej
 []


Overfull \hbox (12.7777pt too wide) in paragraph at lines 36--37
\OT1/cmr/m/it/10 za-
 []


Overfull \hbox (7.66661pt too wide) in paragraph at lines 36--37
\OT1/cmr/m/it/10 s-
 []


Overfull \hbox (32.96646pt too wide) in paragraph at lines 36--37
\OT1/cmr/m/it/10 tosowa-
 []


Overfull \hbox (13.79993pt too wide) in paragraph at lines 36--37
\OT1/cmr/m/it/10 nia
 []


! LaTeX Error: Lonely \item--perhaps a missing list environment.

See the LaTeX manual or LaTeX Companion for explanation.
Type  H <return>  for immediate help.
 ...                                              
                                                  
l.37 \bibitem{Poczobut1982Geogeza}
                                   Odlanicki-Poczobut M.: \emph{Geodezja}, P...

Try typing  <return>  to proceed.
If that doesn't work, type  X <return>  to quit.

! Undefined control sequence.
<argument> \@listctr 
                     
l.37 \bibitem{Poczobut1982Geogeza}
                                   Odlanicki-Poczobut M.: \emph{Geodezja}, P...
The control sequence at the end of the top line
of your error message was never \def'ed. If you have
misspelled it (e.g., `\hobx'), type `I' and the correct
spelling (e.g., `I\hbox'). Otherwise just continue,
and I'll forget about whatever was undefined.

! You can't use `\relax' after \the.
<recently read> \c@ 
                    
l.37 \bibitem{Poczobut1982Geogeza}
                                   Odlanicki-Poczobut M.: \emph{Geodezja}, P...
I'm forgetting what you said and using zero instead.

\bibcite{Poczobut1982Geogeza}{0}
Missing character: There is no O in font nullfont!
Missing character: There is no d in font nullfont!
Missing character: There is no l in font nullfont!
Missing character: There is no a in font nullfont!
Missing character: There is no n in font nullfont!
Missing character: There is no i in font nullfont!
Missing character: There is no c in font nullfont!
Missing character: There is no k in font nullfont!
Missing character: There is no i in font nullfont!
Missing character: There is no - in font nullfont!
Missing character: There is no P in font nullfont!
Missing character: There is no o in font nullfont!
Missing character: There is no c in font nullfont!
Missing character: There is no z in font nullfont!
Missing character: There is no o in font nullfont!
Missing character: There is no b in font nullfont!
Missing character: There is no u in font nullfont!
Missing character: There is no t in font nullfont!
Missing character: There is no M in font nullfont!
Missing character: There is no . in font nullfont!
Missing character: There is no : in font nullfont!
Missing character: There is no , in font nullfont!
Missing character: There is no P in font nullfont!
Missing character: There is no P in font nullfont!
Missing character: There is no W in font nullfont!
Missing character: There is no K in font nullfont!
Missing character: There is no 1 in font nullfont!
Missing character: There is no 9 in font nullfont!
Missing character: There is no 8 in font nullfont!
Missing character: There is no 2 in font nullfont!
Missing character: There is no . in font nullfont!

Overfull \hbox (38.40251pt too wide) in paragraph at lines 37--38
\OT1/cmr/m/it/10 Geodezja
 []


! LaTeX Error: Lonely \item--perhaps a missing list environment.

See the LaTeX manual or LaTeX Companion for explanation.
Type  H <return>  for immediate help.
 ...                                              
                                                  
l.38 \bibitem{Li2007}
                     Li Y. i inni: \emph{GML Topology Data Storage Schema De...

Try typing  <return>  to proceed.
If that doesn't work, type  X <return>  to quit.

! Undefined control sequence.
<argument> \@listctr 
                     
l.38 \bibitem{Li2007}
                     Li Y. i inni: \emph{GML Topology Data Storage Schema De...
The control sequence at the end of the top line
of your error message was never \def'ed. If you have
misspelled it (e.g., `\hobx'), type `I' and the correct
spelling (e.g., `I\hbox'). Otherwise just continue,
and I'll forget about whatever was undefined.

! You can't use `\relax' after \the.
<recently read> \c@ 
                    
l.38 \bibitem{Li2007}
                     Li Y. i inni: \emph{GML Topology Data Storage Schema De...
I'm forgetting what you said and using zero instead.

\bibcite{Li2007}{0}
Missing character: There is no L in font nullfont!
Missing character: There is no i in font nullfont!
Missing character: There is no Y in font nullfont!
Missing character: There is no . in font nullfont!
Missing character: There is no i in font nullfont!
Missing character: There is no i in font nullfont!
Missing character: There is no n in font nullfont!
Missing character: There is no n in font nullfont!
Missing character: There is no i in font nullfont!
Missing character: There is no : in font nullfont!
Missing character: There is no , in font nullfont!
Missing character: There is no C in font nullfont!
Missing character: There is no h in font nullfont!
Missing character: There is no i in font nullfont!
Missing character: There is no b in font nullfont!
Missing character: There is no a in font nullfont!
Missing character: There is no U in font nullfont!
Missing character: There is no n in font nullfont!
Missing character: There is no i in font nullfont!
Missing character: There is no v in font nullfont!
Missing character: There is no e in font nullfont!
Missing character: There is no r in font nullfont!
Missing character: There is no s in font nullfont!
Missing character: There is no i in font nullfont!
Missing character: There is no t in font nullfont!
Missing character: There is no y in font nullfont!
Missing character: There is no 2 in font nullfont!
Missing character: There is no 0 in font nullfont!
Missing character: There is no 0 in font nullfont!
Missing character: There is no 7 in font nullfont!
Missing character: There is no . in font nullfont!

Overfull \hbox (22.97485pt too wide) in paragraph at lines 38--39
\OT1/cmr/m/it/10 GML
 []


Overfull \hbox (27.34425pt too wide) in paragraph at lines 38--39
\OT1/cmr/m/it/10 Topol-
 []


Overfull \hbox (14.05544pt too wide) in paragraph at lines 38--39
\OT1/cmr/m/it/10 ogy
 []


Overfull \hbox (21.0943pt too wide) in paragraph at lines 38--39
\OT1/cmr/m/it/10 Data
 []


Overfull \hbox (21.84984pt too wide) in paragraph at lines 38--39
\OT1/cmr/m/it/10 Stor-
 []


Overfull \hbox (14.311pt too wide) in paragraph at lines 38--39
\OT1/cmr/m/it/10 age
 []


Overfull \hbox (33.22202pt too wide) in paragraph at lines 38--39
\OT1/cmr/m/it/10 Schema
 []


Overfull \hbox (15.72765pt too wide) in paragraph at lines 38--39
\OT1/cmr/m/it/10 De-
 []


Overfull \hbox (17.37767pt too wide) in paragraph at lines 38--39
\OT1/cmr/m/it/10 sign
 []


! LaTeX Error: Lonely \item--perhaps a missing list environment.

See the LaTeX manual or LaTeX Companion for explanation.
Type  H <return>  for immediate help.
 ...                                              
                                                  
l.39 \bibitem{li2004GMLstorage}
                               Li Y., Li J., Zhou S.: \emph{GML Storage}, A ...

Try typing  <return>  to proceed.
If that doesn't work, type  X <return>  to quit.

! Undefined control sequence.
<argument> \@listctr 
                     
l.39 \bibitem{li2004GMLstorage}
                               Li Y., Li J., Zhou S.: \emph{GML Storage}, A ...
The control sequence at the end of the top line
of your error message was never \def'ed. If you have
misspelled it (e.g., `\hobx'), type `I' and the correct
spelling (e.g., `I\hbox'). Otherwise just continue,
and I'll forget about whatever was undefined.

! You can't use `\relax' after \the.
<recently read> \c@ 
                    
l.39 \bibitem{li2004GMLstorage}
                               Li Y., Li J., Zhou S.: \emph{GML Storage}, A ...
I'm forgetting what you said and using zero instead.

\bibcite{li2004GMLstorage}{0}
Missing character: There is no L in font nullfont!
Missing character: There is no i in font nullfont!
Missing character: There is no Y in font nullfont!
Missing character: There is no . in font nullfont!
Missing character: There is no , in font nullfont!
Missing character: There is no L in font nullfont!
Missing character: There is no i in font nullfont!
Missing character: There is no J in font nullfont!
Missing character: There is no . in font nullfont!
Missing character: There is no , in font nullfont!
Missing character: There is no Z in font nullfont!
Missing character: There is no h in font nullfont!
Missing character: There is no o in font nullfont!
Missing character: There is no u in font nullfont!
Missing character: There is no S in font nullfont!
Missing character: There is no . in font nullfont!
Missing character: There is no : in font nullfont!
Missing character: There is no , in font nullfont!
Missing character: There is no A in font nullfont!
Missing character: There is no S in font nullfont!
Missing character: There is no p in font nullfont!
Missing character: There is no a in font nullfont!
Missing character: There is no t in font nullfont!
Missing character: There is no i in font nullfont!
Missing character: There is no a in font nullfont!
Missing character: There is no l in font nullfont!
Missing character: There is no D in font nullfont!
Missing character: There is no a in font nullfont!
Missing character: There is no t in font nullfont!
Missing character: There is no a in font nullfont!
Missing character: There is no b in font nullfont!
Missing character: There is no a in font nullfont!
Missing character: There is no s in font nullfont!
Missing character: There is no e in font nullfont!
Missing character: There is no A in font nullfont!
Missing character: There is no p in font nullfont!
Missing character: There is no p in font nullfont!
Missing character: There is no r in font nullfont!
Missing character: There is no o in font nullfont!
Missing character: There is no a in font nullfont!
Missing character: There is no c in font nullfont!
Missing character: There is no h in font nullfont!
Missing character: There is no , in font nullfont!
Missing character: There is no E in font nullfont!
Missing character: There is no R in font nullfont!
Missing character: There is no ( in font nullfont!
Missing character: There is no W in font nullfont!
Missing character: There is no o in font nullfont!
Missing character: There is no r in font nullfont!
Missing character: There is no k in font nullfont!
Missing character: There is no s in font nullfont!
Missing character: There is no h in font nullfont!
Missing character: There is no o in font nullfont!
Missing character: There is no p in font nullfont!
Missing character: There is no s in font nullfont!
Missing character: There is no ) in font nullfont!
Missing character: There is no , in font nullfont!
Missing character: There is no s in font nullfont!
Missing character: There is no t in font nullfont!
Missing character: There is no r in font nullfont!
Missing character: There is no 5 in font nullfont!
Missing character: There is no 5 in font nullfont!
Missing character: There is no - in font nullfont!
Missing character: There is no 6 in font nullfont!
Missing character: There is no 6 in font nullfont!
Missing character: There is no , in font nullfont!
Missing character: There is no 2 in font nullfont!
Missing character: There is no 0 in font nullfont!
Missing character: There is no 0 in font nullfont!
Missing character: There is no 4 in font nullfont!
Missing character: There is no . in font nullfont!

Overfull \hbox (22.97485pt too wide) in paragraph at lines 39--40
\OT1/cmr/m/it/10 GML
 []


Overfull \hbox (21.84984pt too wide) in paragraph at lines 39--40
\OT1/cmr/m/it/10 Stor-
 []


Overfull \hbox (14.311pt too wide) in paragraph at lines 39--40
\OT1/cmr/m/it/10 age
 []


! LaTeX Error: Lonely \item--perhaps a missing list environment.

See the LaTeX manual or LaTeX Companion for explanation.
Type  H <return>  for immediate help.
 ...                                              
                                                  
l.40 \bibitem{Sayood2002}
                          Sayood K.: \emph{Kompresja danych}, Warszawa, Rm~2...

Try typing  <return>  to proceed.
If that doesn't work, type  X <return>  to quit.

! Undefined control sequence.
<argument> \@listctr 
                     
l.40 \bibitem{Sayood2002}
                          Sayood K.: \emph{Kompresja danych}, Warszawa, Rm~2...
The control sequence at the end of the top line
of your error message was never \def'ed. If you have
misspelled it (e.g., `\hobx'), type `I' and the correct
spelling (e.g., `I\hbox'). Otherwise just continue,
and I'll forget about whatever was undefined.

! You can't use `\relax' after \the.
<recently read> \c@ 
                    
l.40 \bibitem{Sayood2002}
                          Sayood K.: \emph{Kompresja danych}, Warszawa, Rm~2...
I'm forgetting what you said and using zero instead.

\bibcite{Sayood2002}{0}
Missing character: There is no S in font nullfont!
Missing character: There is no a in font nullfont!
Missing character: There is no y in font nullfont!
Missing character: There is no o in font nullfont!
Missing character: There is no o in font nullfont!
Missing character: There is no d in font nullfont!
Missing character: There is no K in font nullfont!
Missing character: There is no . in font nullfont!
Missing character: There is no : in font nullfont!
Missing character: There is no , in font nullfont!
Missing character: There is no W in font nullfont!
Missing character: There is no a in font nullfont!
Missing character: There is no r in font nullfont!
Missing character: There is no s in font nullfont!
Missing character: There is no z in font nullfont!
Missing character: There is no a in font nullfont!
Missing character: There is no w in font nullfont!
Missing character: There is no a in font nullfont!
Missing character: There is no , in font nullfont!
Missing character: There is no R in font nullfont!
Missing character: There is no m in font nullfont!
Missing character: There is no 2 in font nullfont!
Missing character: There is no 0 in font nullfont!
Missing character: There is no 0 in font nullfont!
Missing character: There is no 2 in font nullfont!
Missing character: There is no . in font nullfont!

Overfull \hbox (24.5554pt too wide) in paragraph at lines 40--41
\OT1/cmr/m/it/10 Kom-
 []


Overfull \hbox (25.68315pt too wide) in paragraph at lines 40--41
\OT1/cmr/m/it/10 presja
 []


Overfull \hbox (30.41092pt too wide) in paragraph at lines 40--41
\OT1/cmr/m/it/10 danych
 []


! LaTeX Error: Lonely \item--perhaps a missing list environment.

See the LaTeX manual or LaTeX Companion for explanation.
Type  H <return>  for immediate help.
 ...                                              
                                                  
l.41 \bibitem{G52003}
                      \emph{The Technical Instruction G-5, The Ground Cadast...

Try typing  <return>  to proceed.
If that doesn't work, type  X <return>  to quit.

! Undefined control sequence.
<argument> \@listctr 
                     
l.41 \bibitem{G52003}
                      \emph{The Technical Instruction G-5, The Ground Cadast...
The control sequence at the end of the top line
of your error message was never \def'ed. If you have
misspelled it (e.g., `\hobx'), type `I' and the correct
spelling (e.g., `I\hbox'). Otherwise just continue,
and I'll forget about whatever was undefined.

! You can't use `\relax' after \the.
<recently read> \c@ 
                    
l.41 \bibitem{G52003}
                      \emph{The Technical Instruction G-5, The Ground Cadast...
I'm forgetting what you said and using zero instead.

\bibcite{G52003}{0}
Missing character: There is no , in font nullfont!
Missing character: There is no W in font nullfont!
Missing character: There is no a in font nullfont!
Missing character: There is no r in font nullfont!
Missing character: There is no s in font nullfont!
Missing character: There is no z in font nullfont!
Missing character: There is no a in font nullfont!
Missing character: There is no w in font nullfont!
Missing character: There is no a in font nullfont!
Missing character: There is no 2 in font nullfont!
Missing character: There is no 0 in font nullfont!
Missing character: There is no 0 in font nullfont!
Missing character: There is no 3 in font nullfont!
Missing character: There is no . in font nullfont!

Overfull \hbox (16.86655pt too wide) in paragraph at lines 42--43
\OT1/cmr/m/it/10 The
 []


Overfull \hbox (23.76646pt too wide) in paragraph at lines 42--43
\OT1/cmr/m/it/10 Tech-
 []


Overfull \hbox (12.26659pt too wide) in paragraph at lines 42--43
\OT1/cmr/m/it/10 ni-
 []


Overfull \hbox (11.75546pt too wide) in paragraph at lines 42--43
\OT1/cmr/m/it/10 cal
 []


Overfull \hbox (13.05547pt too wide) in paragraph at lines 42--43
\OT1/cmr/m/it/10 In-
 []


Overfull \hbox (25.17203pt too wide) in paragraph at lines 42--43
\OT1/cmr/m/it/10 struc-
 []


Overfull \hbox (17.12212pt too wide) in paragraph at lines 42--43
\OT1/cmr/m/it/10 tion
 []


Overfull \hbox (11.31381pt too wide) in paragraph at lines 42--43
\OT1/cmr/m/it/10 G-
 []


Overfull \hbox (8.17773pt too wide) in paragraph at lines 42--43
\OT1/cmr/m/it/10 5,
 []


Overfull \hbox (16.86655pt too wide) in paragraph at lines 42--43
\OT1/cmr/m/it/10 The
 []


Overfull \hbox (32.65257pt too wide) in paragraph at lines 42--43
\OT1/cmr/m/it/10 Ground
 []


Overfull \hbox (30.15536pt too wide) in paragraph at lines 42--43
\OT1/cmr/m/it/10 Cadas-
 []


Overfull \hbox (11.62766pt too wide) in paragraph at lines 42--43
\OT1/cmr/m/it/10 tre
 []


Overfull \hbox (15.84436pt too wide) in paragraph at lines 42--43
\OT1/cmr/m/it/10 and
 []


Overfull \hbox (26.7165pt too wide) in paragraph at lines 42--43
\OT1/cmr/m/it/10 Build-
 []


Overfull \hbox (20.44432pt too wide) in paragraph at lines 42--43
\OT1/cmr/m/it/10 ings,
 []


Overfull \hbox (16.86655pt too wide) in paragraph at lines 42--43
\OT1/cmr/m/it/10 The
 []


Overfull \hbox (22.76654pt too wide) in paragraph at lines 42--43
\OT1/cmr/m/it/10 Main
 []


Overfull \hbox (18.7832pt too wide) in paragraph at lines 42--43
\OT1/cmr/m/it/10 Sur-
 []


Overfull \hbox (17.63318pt too wide) in paragraph at lines 42--43
\OT1/cmr/m/it/10 vey-
 []


Overfull \hbox (13.2888pt too wide) in paragraph at lines 42--43
\OT1/cmr/m/it/10 ing
 []


Overfull \hbox (15.84436pt too wide) in paragraph at lines 42--43
\OT1/cmr/m/it/10 and
 []


Overfull \hbox (20.06096pt too wide) in paragraph at lines 42--43
\OT1/cmr/m/it/10 Car-
 []


Overfull \hbox (12.01102pt too wide) in paragraph at lines 42--43
\OT1/cmr/m/it/10 to-
 []


Overfull \hbox (31.30533pt too wide) in paragraph at lines 42--43
\OT1/cmr/m/it/10 graphic
 []


Overfull \hbox (15.98323pt too wide) in paragraph at lines 42--43
\OT1/cmr/m/it/10 Bu-
 []


Overfull \hbox (18.27206pt too wide) in paragraph at lines 42--43
\OT1/cmr/m/it/10 reau
 []


! LaTeX Error: \begin{document} ended by \end{thebibliography}.

See the LaTeX manual or LaTeX Companion for explanation.
Type  H <return>  for immediate help.
 ...                                              
                                                  
l.46 \end {thebibliography}
                           
Your command was ignored.
Type  I <command> <return>  to replace it with another command,
or  <return>  to continue without it.

! Undefined control sequence.
l.49 \listoffigures
                   
The control sequence at the end of the top line
of your error message was never \def'ed. If you have
misspelled it (e.g., `\hobx'), type `I' and the correct
spelling (e.g., `I\hbox'). Otherwise just continue,
and I'll forget about whatever was undefined.

)
! Emergency stop.
<*> bibrystab.tex
                 
*** (job aborted, no legal \end found)

 
Here is how much of TeX's memory you used:
 14 strings out of 493673
 180 string characters out of 3141532
 56455 words of memory out of 3000000
 3459 multiletter control sequences out of 15000+200000
 3986 words of font info for 15 fonts, out of 3000000 for 9000
 1025 hyphenation exceptions out of 8191
 21i,4n,16p,221b,134s stack positions out of 5000i,500n,10000p,200000b,50000s
!  ==> Fatal error occurred, no output PDF file produced!
