\BOOKMARK [0][-]{chapter.1}{Zespo\233owe przedsiewziecie}{}% 1
\BOOKMARK [1][-]{section.1.1}{Cz\233onkowie zespo\233u z okresleniem funkcji}{chapter.1}% 2
\BOOKMARK [1][-]{section.1.2}{Uzasadnienie potrzeby realizacji projektu}{chapter.1}% 3
\BOOKMARK [1][-]{section.1.3}{Cele projektu}{chapter.1}% 4
\BOOKMARK [1][-]{section.1.4}{Grupy docelowe}{chapter.1}% 5
\BOOKMARK [1][-]{section.1.5}{Zakres projektu}{chapter.1}% 6
\BOOKMARK [1][-]{section.1.6}{Struktura podzia\233u prac \(zadan\) - WBS}{chapter.1}% 7
\BOOKMARK [1][-]{section.1.7}{Harmonogram}{chapter.1}% 8
\BOOKMARK [2][-]{subsection.1.7.1}{Harmonogram prac poszczeg\363lnych cz\233onk\363w zespo\233u}{section.1.7}% 9
\BOOKMARK [1][-]{section.1.8}{Dokumentacja}{chapter.1}% 10
\BOOKMARK [2][-]{subsection.1.8.1}{Edycja plik\363w dokumentacyjnych}{section.1.8}% 11
\BOOKMARK [3][-]{subsubsection.1.8.1.1}{Obs\233uga SVN}{subsection.1.8.1}% 12
\BOOKMARK [0][-]{chapter.2}{Pawe\233 Golonka}{}% 13
\BOOKMARK [0][-]{chapter.3}{Karol Liszka}{}% 14
\BOOKMARK [1][-]{section.3.1}{Zadanie projektowe}{chapter.3}% 15
\BOOKMARK [1][-]{section.3.2}{Etapy budowania programu}{chapter.3}% 16
\BOOKMARK [2][-]{subsection.3.2.1}{Projektowanie formy}{section.3.2}% 17
\BOOKMARK [2][-]{subsection.3.2.2}{Pisanie g\233\363wnych funkcjonalnosci programu w jezyku C\043}{section.3.2}% 18
\BOOKMARK [2][-]{subsection.3.2.3}{Czego nauczy\233em sie indywidualnie}{section.3.2}% 19
\BOOKMARK [2][-]{subsection.3.2.4}{Czego nauczy\233em sie zespo\233owo}{section.3.2}% 20
\BOOKMARK [0][-]{chapter.4}{Bartosz Rusinek}{}% 21
\BOOKMARK [0][-]{chapter*.2}{Bibliografia}{}% 22
